TN:
SF:/Users/makus/Downloads/Zadanie Frontend/incident-map/src/app.js
FN:7,(anonymous_0)
FN:13,(anonymous_1)
FN:15,(anonymous_2)
FN:18,(anonymous_3)
FN:21,(anonymous_4)
FN:58,(anonymous_5)
FN:71,(anonymous_6)
FN:72,(anonymous_7)
FN:73,(anonymous_8)
FNF:9
FNH:5
FNDA:1,(anonymous_0)
FNDA:2,(anonymous_1)
FNDA:1,(anonymous_2)
FNDA:0,(anonymous_3)
FNDA:1,(anonymous_4)
FNDA:2,(anonymous_5)
FNDA:0,(anonymous_6)
FNDA:0,(anonymous_7)
FNDA:0,(anonymous_8)
DA:8,1
DA:14,2
DA:16,1
DA:18,0
DA:22,1
DA:59,2
DA:72,0
DA:73,0
DA:74,0
DA:80,1
LF:10
LH:6
BRF:0
BRH:0
end_of_record
TN:
SF:/Users/makus/Downloads/Zadanie Frontend/incident-map/src/components/collapse-item.js
FN:70,(anonymous_0)
FN:77,(anonymous_1)
FN:82,(anonymous_2)
FN:118,(anonymous_3)
FNF:4
FNH:1
FNDA:1,(anonymous_0)
FNDA:0,(anonymous_1)
FNDA:0,(anonymous_2)
FNDA:0,(anonymous_3)
DA:3,1
DA:71,1
DA:78,0
DA:79,0
DA:83,0
DA:119,0
DA:120,0
DA:122,0
DA:127,1
LF:9
LH:3
BRDA:122,0,0,0
BRDA:122,0,1,0
BRF:2
BRH:0
end_of_record
TN:
SF:/Users/makus/Downloads/Zadanie Frontend/incident-map/src/components/list-item.js
FN:83,(anonymous_0)
FN:89,(anonymous_1)
FN:101,(anonymous_2)
FN:117,(anonymous_3)
FN:124,(anonymous_4)
FNF:5
FNH:1
FNDA:1,(anonymous_0)
FNDA:0,(anonymous_1)
FNDA:0,(anonymous_2)
FNDA:0,(anonymous_3)
FNDA:0,(anonymous_4)
DA:4,1
DA:84,1
DA:90,0
DA:102,0
DA:118,0
DA:119,0
DA:121,0
DA:125,0
DA:127,0
DA:128,0
DA:133,1
LF:11
LH:3
BRDA:118,0,0,0
BRDA:118,0,1,0
BRDA:127,1,0,0
BRDA:127,1,1,0
BRF:4
BRH:0
end_of_record
TN:
SF:/Users/makus/Downloads/Zadanie Frontend/incident-map/src/components/map.js
FN:54,(anonymous_0)
FN:60,(anonymous_1)
FN:61,(anonymous_2)
FN:66,(anonymous_3)
FN:82,(anonymous_4)
FN:84,(anonymous_5)
FN:101,(anonymous_6)
FN:112,(anonymous_7)
FNF:8
FNH:3
FNDA:1,(anonymous_0)
FNDA:0,(anonymous_1)
FNDA:0,(anonymous_2)
FNDA:2,(anonymous_3)
FNDA:2,(anonymous_4)
FNDA:0,(anonymous_5)
FNDA:0,(anonymous_6)
FNDA:0,(anonymous_7)
DA:3,1
DA:55,1
DA:61,0
DA:62,0
DA:67,2
DA:83,2
DA:85,0
DA:86,0
DA:102,0
DA:103,0
DA:104,0
DA:105,0
DA:106,0
DA:107,0
DA:108,0
DA:113,0
DA:114,0
DA:115,0
DA:116,0
DA:117,0
DA:118,0
DA:119,0
DA:120,0
DA:122,0
DA:123,0
DA:124,0
DA:125,0
DA:126,0
DA:127,0
DA:128,0
DA:133,1
LF:31
LH:5
BRDA:122,0,0,0
BRDA:122,0,1,0
BRF:2
BRH:0
end_of_record
TN:
SF:/Users/makus/Downloads/Zadanie Frontend/incident-map/src/components/side-nav.js
FN:29,(anonymous_0)
FN:35,(anonymous_1)
FN:51,(anonymous_2)
FN:53,(anonymous_3)
FNF:4
FNH:3
FNDA:1,(anonymous_0)
FNDA:2,(anonymous_1)
FNDA:2,(anonymous_2)
FNDA:0,(anonymous_3)
DA:4,1
DA:30,1
DA:36,2
DA:52,2
DA:53,0
DA:58,1
LF:6
LH:5
BRF:0
BRH:0
end_of_record
TN:
SF:/Users/makus/Downloads/Zadanie Frontend/incident-map/src/services/incidents-api.js
FN:1,(anonymous_0)
FN:9,(anonymous_1)
FN:14,(anonymous_2)
FN:14,(anonymous_3)
FN:21,(anonymous_4)
FN:21,(anonymous_5)
FN:30,(anonymous_6)
FN:36,(anonymous_7)
FN:37,(anonymous_8)
FN:38,(anonymous_9)
FN:39,(anonymous_10)
FN:40,(anonymous_11)
FNF:12
FNH:3
FNDA:0,(anonymous_0)
FNDA:0,(anonymous_1)
FNDA:0,(anonymous_2)
FNDA:0,(anonymous_3)
FNDA:0,(anonymous_4)
FNDA:0,(anonymous_5)
FNDA:2,(anonymous_6)
FNDA:1,(anonymous_7)
FNDA:0,(anonymous_8)
FNDA:0,(anonymous_9)
FNDA:0,(anonymous_10)
FNDA:1,(anonymous_11)
DA:1,1
DA:3,0
DA:4,0
DA:6,0
DA:9,1
DA:10,0
DA:11,0
DA:14,1
DA:15,0
DA:16,0
DA:17,0
DA:18,0
DA:21,1
DA:22,0
DA:23,0
DA:24,0
DA:25,0
DA:30,1
DA:31,2
DA:36,1
DA:37,0
DA:38,0
DA:39,0
DA:41,1
LF:24
LH:8
BRDA:3,0,0,0
BRDA:3,0,1,0
BRDA:3,1,0,0
BRDA:3,1,1,0
BRDA:4,2,0,0
BRDA:4,2,1,0
BRF:6
BRH:0
end_of_record
